Microsoft HTML Help Compiler 4.74.8702

Compiling c:\Projekty\Predpovedi\src\help\en\enhelp.chm

index.htm
ephem.css
About.htm
web.htm
hvezda.htm
den.htm
Vypocet.htm
Editace.htm
Uziv.htm
Setup.htm
Historie.htm
Start.htm
toc.hhc
Index.hhk
Licence.htm
Ref.htm
retry.png
scr_hvezda.png
sort.gif
info.png
delete.gif
print.gif
save.png
sun.png
moon.png
sky.png
scr_den.png
scr_setup.png

Compile time: 0 minutes, 0 seconds
15	Topics
33	Local links
6	Internet links
12	Graphics


Created c:\Projekty\Predpovedi\src\help\en\enhelp.chm, 215,051 bytes
Compression decreased file by 35,516 bytes.
